{
  "RSpec": {
    "coverage": {
      "/Users/brittlwalentin/ada/project-forks/C3Projects--bEtsy/spec/controllers/sessions_controller_spec.rb": [
        1,
        null,
        1,
        null,
        1,
        null,
        null,
        null,
        null,
        null,
        null,
        null,
        null,
        null,
        1,
        null,
        null,
        1,
        null,
        1,
        1,
        null,
        null,
        null,
        null,
        null,
        null,
        null,
        null,
        null,
        null,
        null,
        null,
        null,
        null,
        null,
        null,
        null,
        null,
        null,
        null,
        null,
        null,
        null,
        null,
        null,
        null,
        null,
        null,
        null,
        null,
        null,
        null,
        null,
        null,
        null,
        null,
        null,
        null,
        null
      ],
      "/Users/brittlwalentin/ada/project-forks/C3Projects--bEtsy/spec/rails_helper.rb": [
        null,
        1,
        1,
        null,
        1,
        1,
        1,
        null,
        null,
        null,
        null,
        null,
        null,
        null,
        null,
        null,
        null,
        null,
        null,
        null,
        null,
        null,
        null,
        null,
        null,
        null,
        1,
        null,
        1,
        null,
        1,
        null,
        null,
        null,
        null,
        1,
        null,
        null,
        null,
        null,
        null,
        null,
        null,
        null,
        null,
        null,
        null,
        null,
        null,
        null,
        1,
        null
      ],
      "/Users/brittlwalentin/ada/project-forks/C3Projects--bEtsy/config/environment.rb": [
        null,
        1,
        null,
        null,
        1
      ],
      "/Users/brittlwalentin/ada/project-forks/C3Projects--bEtsy/config/application.rb": [
        1,
        null,
        1,
        null,
        null,
        null,
        1,
        null,
        1,
        1,
        null,
        null,
        null,
        null,
        null,
        null,
        null,
        null,
        null,
        null,
        null,
        null,
        null,
        1,
        null,
        null
      ],
      "/Users/brittlwalentin/ada/project-forks/C3Projects--bEtsy/config/boot.rb": [
        1,
        null,
        1
      ],
      "/Users/brittlwalentin/ada/project-forks/C3Projects--bEtsy/config/environments/test.rb": [
        1,
        null,
        null,
        null,
        null,
        null,
        null,
        1,
        null,
        null,
        null,
        null,
        1,
        null,
        null,
        1,
        1,
        null,
        null,
        1,
        1,
        null,
        null,
        1,
        null,
        null,
        1,
        null,
        null,
        null,
        null,
        1,
        null,
        null,
        1,
        null,
        null,
        1,
        null,
        null,
        null,
        null
      ],
      "/Users/brittlwalentin/ada/project-forks/C3Projects--bEtsy/config/initializers/assets.rb": [
        null,
        null,
        null,
        1,
        null,
        null,
        null,
        null,
        null,
        null,
        null
      ],
      "/Users/brittlwalentin/ada/project-forks/C3Projects--bEtsy/config/initializers/backtrace_silencers.rb": [
        null,
        null,
        null,
        null,
        null,
        null,
        null
      ],
      "/Users/brittlwalentin/ada/project-forks/C3Projects--bEtsy/config/initializers/cookies_serializer.rb": [
        null,
        null,
        1
      ],
      "/Users/brittlwalentin/ada/project-forks/C3Projects--bEtsy/config/initializers/filter_parameter_logging.rb": [
        null,
        null,
        null,
        1
      ],
      "/Users/brittlwalentin/ada/project-forks/C3Projects--bEtsy/config/initializers/inflections.rb": [
        null,
        null,
        null,
        null,
        null,
        null,
        null,
        null,
        null,
        null,
        null,
        null,
        null,
        null,
        null,
        null
      ],
      "/Users/brittlwalentin/ada/project-forks/C3Projects--bEtsy/config/initializers/mime_types.rb": [
        null,
        null,
        null,
        null
      ],
      "/Users/brittlwalentin/ada/project-forks/C3Projects--bEtsy/config/initializers/session_store.rb": [
        null,
        null,
        1
      ],
      "/Users/brittlwalentin/ada/project-forks/C3Projects--bEtsy/config/initializers/wrap_parameters.rb": [
        null,
        null,
        null,
        null,
        null,
        null,
        1,
        1,
        null,
        null,
        null,
        null,
        null,
        null
      ],
      "/Users/brittlwalentin/ada/project-forks/C3Projects--bEtsy/config/routes.rb": [
        1,
        null,
        null,
        null,
        null,
        1,
        null,
        1,
        1,
        1,
        1,
        null,
        null,
        1,
        null,
        1,
        1,
        1,
        null,
        null,
        null,
        null,
        null,
        null,
        null,
        null,
        null,
        null,
        null,
        null,
        null,
        null,
        null,
        null,
        null,
        null,
        null,
        null,
        null,
        null,
        null,
        null,
        null,
        null,
        null,
        null,
        null,
        null,
        null,
        null,
        null,
        null,
        null,
        null,
        null,
        null,
        null,
        null,
        null,
        null,
        null,
        null,
        null,
        null,
        null,
        null,
        null,
        null
      ],
      "/Users/brittlwalentin/ada/project-forks/C3Projects--bEtsy/app/helpers/application_helper.rb": [
        1,
        null
      ],
      "/Users/brittlwalentin/ada/project-forks/C3Projects--bEtsy/app/helpers/home_helper.rb": [
        1,
        null
      ],
      "/Users/brittlwalentin/ada/project-forks/C3Projects--bEtsy/app/helpers/orders_helper.rb": [
        1,
        null
      ],
      "/Users/brittlwalentin/ada/project-forks/C3Projects--bEtsy/app/helpers/products_helper.rb": [
        1,
        null
      ],
      "/Users/brittlwalentin/ada/project-forks/C3Projects--bEtsy/app/helpers/reviews_helper.rb": [
        1,
        null
      ],
      "/Users/brittlwalentin/ada/project-forks/C3Projects--bEtsy/app/helpers/sessions_helper.rb": [
        1,
        null
      ],
      "/Users/brittlwalentin/ada/project-forks/C3Projects--bEtsy/app/helpers/users_helper.rb": [
        1,
        null
      ],
      "/Users/brittlwalentin/ada/project-forks/C3Projects--bEtsy/app/controllers/sessions_controller.rb": [
        1,
        1,
        null,
        1,
        null,
        null,
        null,
        1,
        null,
        1,
        0,
        0,
        0,
        null,
        1,
        1,
        null,
        null,
        null,
        1,
        0,
        0,
        null,
        null,
        null,
        null,
        null,
        1,
        null,
        1,
        1,
        null,
        null,
        1,
        0,
        null,
        null
      ],
      "/Users/brittlwalentin/ada/project-forks/C3Projects--bEtsy/app/controllers/application_controller.rb": [
        1,
        null,
        null,
        1,
        null
      ],
      "/Users/brittlwalentin/ada/project-forks/C3Projects--bEtsy/app/models/user.rb": [
        1,
        1,
        1,
        1,
        null
      ]
    },
    "timestamp": 1437004359
  }
}
